  Game.cpp
C:\Users\PC\source\repos\sfml_learn\sfml_learn\Game.cpp(56,65): warning C4244: аргумент: преобразование "int" в "float", возможна потеря данных
C:\Users\PC\source\repos\sfml_learn\sfml_learn\Game.cpp(56,57): warning C4244: аргумент: преобразование "int" в "float", возможна потеря данных
C:\Users\PC\source\repos\sfml_learn\sfml_learn\Game.cpp(69,12): warning C4244: аргумент: преобразование "time_t" в "unsigned int", возможна потеря данных
C:\Users\PC\source\repos\sfml_learn\sfml_learn\Game.cpp(75,15): warning C4244: инициализация: преобразование "T" в "float", возможна потеря данных
C:\Users\PC\source\repos\sfml_learn\sfml_learn\Game.cpp(75,15): warning C4244:         with
C:\Users\PC\source\repos\sfml_learn\sfml_learn\Game.cpp(75,15): warning C4244:         [
C:\Users\PC\source\repos\sfml_learn\sfml_learn\Game.cpp(75,15): warning C4244:             T=unsigned int
C:\Users\PC\source\repos\sfml_learn\sfml_learn\Game.cpp(75,15): warning C4244:         ]
C:\Users\PC\source\repos\sfml_learn\sfml_learn\Game.cpp(76,15): warning C4244: инициализация: преобразование "T" в "float", возможна потеря данных
C:\Users\PC\source\repos\sfml_learn\sfml_learn\Game.cpp(76,15): warning C4244:         with
C:\Users\PC\source\repos\sfml_learn\sfml_learn\Game.cpp(76,15): warning C4244:         [
C:\Users\PC\source\repos\sfml_learn\sfml_learn\Game.cpp(76,15): warning C4244:             T=unsigned int
C:\Users\PC\source\repos\sfml_learn\sfml_learn\Game.cpp(76,15): warning C4244:         ]
C:\Users\PC\source\repos\sfml_learn\sfml_learn\Game.cpp(78,15): warning C4244: инициализация: преобразование "int" в "float", возможна потеря данных
C:\Users\PC\source\repos\sfml_learn\sfml_learn\Game.cpp(79,15): warning C4244: инициализация: преобразование "int" в "float", возможна потеря данных
C:\Users\PC\source\repos\sfml_learn\sfml_learn\Game.cpp(173,122): warning C4244: аргумент: преобразование "float" в "sf::Uint8", возможна потеря данных
C:\Users\PC\source\repos\sfml_learn\sfml_learn\Game.cpp(174,121): warning C4244: аргумент: преобразование "float" в "sf::Uint8", возможна потеря данных
C:\Users\PC\source\repos\sfml_learn\sfml_learn\Game.cpp(310,70): warning C4244: аргумент: преобразование "int" в "float", возможна потеря данных
C:\Users\PC\source\repos\sfml_learn\sfml_learn\Game.cpp(310,49): warning C4244: аргумент: преобразование "int" в "float", возможна потеря данных
C:\Program Files\Microsoft Visual Studio\2022\Community\VC\Tools\MSVC\14.39.33519\include\xutility(241,76): warning C4244: аргумент: преобразование "_Ty" в "float", возможна потеря данных
C:\Program Files\Microsoft Visual Studio\2022\Community\VC\Tools\MSVC\14.39.33519\include\xutility(241,76): warning C4244:         with
C:\Program Files\Microsoft Visual Studio\2022\Community\VC\Tools\MSVC\14.39.33519\include\xutility(241,76): warning C4244:         [
C:\Program Files\Microsoft Visual Studio\2022\Community\VC\Tools\MSVC\14.39.33519\include\xutility(241,76): warning C4244:             _Ty=int
C:\Program Files\Microsoft Visual Studio\2022\Community\VC\Tools\MSVC\14.39.33519\include\xutility(241,76): warning C4244:         ]
  (компиляция исходного файла "Game.cpp")
  C:\Program Files\Microsoft Visual Studio\2022\Community\VC\Tools\MSVC\14.39.33519\include\xutility(241,76):
  контекст создания экземпляра шаблона (сначала самый старый)
  	C:\Users\PC\source\repos\sfml_learn\sfml_learn\Game.cpp(56,28):
  	выполняется компиляция ссылки на экземпляр шаблон функции "std::shared_ptr<CTransform> std::make_shared<CTransform,Vec2,Vec2,int>(Vec2 &&,Vec2 &&,int &&)"
  	C:\Program Files\Microsoft Visual Studio\2022\Community\VC\Tools\MSVC\14.39.33519\include\memory(2738,46):
  	выполняется компиляция ссылки на экземпляр шаблон функции "std::_Ref_count_obj2<CTransform>::_Ref_count_obj2<_Ty,_Ty,int>(_Ty &&,_Ty &&,int &&)"
          with
          [
              _Ty=Vec2
          ]
  	C:\Program Files\Microsoft Visual Studio\2022\Community\VC\Tools\MSVC\14.39.33519\include\memory(2062,18):
  	выполняется компиляция ссылки на экземпляр шаблон функции "void std::_Construct_in_place<_Ty,Vec2,Vec2,int>(_Ty &,Vec2 &&,Vec2 &&,int &&) noexcept(false)"
          with
          [
              _Ty=CTransform
          ]
  	C:\Program Files\Microsoft Visual Studio\2022\Community\VC\Tools\MSVC\14.39.33519\include\xutility(251,14):
  	выполняется компиляция ссылки на экземпляр шаблон функции "_Ty *std::construct_at<_Ty,Vec2,Vec2,int,0x0>(_Ty *const ,Vec2 &&,Vec2 &&,int &&) noexcept(<expr>)"
          with
          [
              _Ty=CTransform
          ]
  
C:\Program Files\Microsoft Visual Studio\2022\Community\VC\Tools\MSVC\14.39.33519\include\xutility(255,82): warning C4244: аргумент: преобразование "_Ty" в "float", возможна потеря данных
C:\Program Files\Microsoft Visual Studio\2022\Community\VC\Tools\MSVC\14.39.33519\include\xutility(255,82): warning C4244:         with
C:\Program Files\Microsoft Visual Studio\2022\Community\VC\Tools\MSVC\14.39.33519\include\xutility(255,82): warning C4244:         [
C:\Program Files\Microsoft Visual Studio\2022\Community\VC\Tools\MSVC\14.39.33519\include\xutility(255,82): warning C4244:             _Ty=int
C:\Program Files\Microsoft Visual Studio\2022\Community\VC\Tools\MSVC\14.39.33519\include\xutility(255,82): warning C4244:         ]
  (компиляция исходного файла "Game.cpp")
  
C:\Program Files\Microsoft Visual Studio\2022\Community\VC\Tools\MSVC\14.39.33519\include\xutility(241,76): warning C4244: аргумент: преобразование "int" в "float", возможна потеря данных
  (компиляция исходного файла "Game.cpp")
  C:\Program Files\Microsoft Visual Studio\2022\Community\VC\Tools\MSVC\14.39.33519\include\xutility(241,76):
  контекст создания экземпляра шаблона (сначала самый старый)
  	C:\Users\PC\source\repos\sfml_learn\sfml_learn\Game.cpp(82,24):
  	выполняется компиляция ссылки на экземпляр шаблон функции "std::shared_ptr<CShape> std::make_shared<CShape,int&,int&,sf::Color,sf::Color,float>(int &,int &,sf::Color &&,sf::Color &&,float &&)"
  	C:\Program Files\Microsoft Visual Studio\2022\Community\VC\Tools\MSVC\14.39.33519\include\memory(2738,46):
  	выполняется компиляция ссылки на экземпляр шаблон функции "std::_Ref_count_obj2<CShape>::_Ref_count_obj2<int&,int&,_Ty,_Ty,float>(int &,int &,_Ty &&,_Ty &&,float &&)"
          with
          [
              _Ty=sf::Color
          ]
  	C:\Program Files\Microsoft Visual Studio\2022\Community\VC\Tools\MSVC\14.39.33519\include\memory(2062,18):
  	выполняется компиляция ссылки на экземпляр шаблон функции "void std::_Construct_in_place<_Ty,int&,int&,sf::Color,sf::Color,float>(_Ty &,int &,int &,sf::Color &&,sf::Color &&,float &&) noexcept(false)"
          with
          [
              _Ty=CShape
          ]
  	C:\Program Files\Microsoft Visual Studio\2022\Community\VC\Tools\MSVC\14.39.33519\include\xutility(251,14):
  	выполняется компиляция ссылки на экземпляр шаблон функции "_Ty *std::construct_at<_Ty,int&,int&,sf::Color,sf::Color,float,0x0>(_Ty *const ,int &,int &,sf::Color &&,sf::Color &&,float &&) noexcept(<expr>)"
          with
          [
              _Ty=CShape
          ]
  
C:\Program Files\Microsoft Visual Studio\2022\Community\VC\Tools\MSVC\14.39.33519\include\xutility(255,82): warning C4244: аргумент: преобразование "int" в "float", возможна потеря данных
  (компиляция исходного файла "Game.cpp")
  
C:\Program Files\Microsoft Visual Studio\2022\Community\VC\Tools\MSVC\14.39.33519\include\xutility(242,90): warning C4244: аргумент: преобразование "_Ty" в "float", возможна потеря данных
C:\Program Files\Microsoft Visual Studio\2022\Community\VC\Tools\MSVC\14.39.33519\include\xutility(242,90): warning C4244:         with
C:\Program Files\Microsoft Visual Studio\2022\Community\VC\Tools\MSVC\14.39.33519\include\xutility(242,90): warning C4244:         [
C:\Program Files\Microsoft Visual Studio\2022\Community\VC\Tools\MSVC\14.39.33519\include\xutility(242,90): warning C4244:             _Ty=int
C:\Program Files\Microsoft Visual Studio\2022\Community\VC\Tools\MSVC\14.39.33519\include\xutility(242,90): warning C4244:         ]
  (компиляция исходного файла "Game.cpp")
  C:\Program Files\Microsoft Visual Studio\2022\Community\VC\Tools\MSVC\14.39.33519\include\xutility(242,90):
  контекст создания экземпляра шаблона (сначала самый старый)
  	C:\Program Files\Microsoft Visual Studio\2022\Community\VC\Tools\MSVC\14.39.33519\include\memory(2062,18):
  	выполняется компиляция ссылки на экземпляр шаблон функции "void std::_Construct_in_place<_Ty,Vec2,Vec2,int>(_Ty &,Vec2 &&,Vec2 &&,int &&) noexcept(false)"
          with
          [
              _Ty=CTransform
          ]
  	C:\Program Files\Microsoft Visual Studio\2022\Community\VC\Tools\MSVC\14.39.33519\include\xutility(251,14):
  	выполняется компиляция ссылки на экземпляр шаблон функции "_Ty *std::construct_at<_Ty,Vec2,Vec2,int,0x0>(_Ty *const ,Vec2 &&,Vec2 &&,int &&) noexcept(false)"
          with
          [
              _Ty=CTransform
          ]
  
C:\Program Files\Microsoft Visual Studio\2022\Community\VC\Tools\MSVC\14.39.33519\include\xutility(242,90): warning C4244: аргумент: преобразование "int" в "float", возможна потеря данных
  (компиляция исходного файла "Game.cpp")
  C:\Program Files\Microsoft Visual Studio\2022\Community\VC\Tools\MSVC\14.39.33519\include\xutility(242,90):
  контекст создания экземпляра шаблона (сначала самый старый)
  	C:\Program Files\Microsoft Visual Studio\2022\Community\VC\Tools\MSVC\14.39.33519\include\memory(2062,18):
  	выполняется компиляция ссылки на экземпляр шаблон функции "void std::_Construct_in_place<_Ty,int&,int&,sf::Color,sf::Color,float>(_Ty &,int &,int &,sf::Color &&,sf::Color &&,float &&) noexcept(false)"
          with
          [
              _Ty=CShape
          ]
  	C:\Program Files\Microsoft Visual Studio\2022\Community\VC\Tools\MSVC\14.39.33519\include\xutility(251,14):
  	выполняется компиляция ссылки на экземпляр шаблон функции "_Ty *std::construct_at<_Ty,int&,int&,sf::Color,sf::Color,float,0x0>(_Ty *const ,int &,int &,sf::Color &&,sf::Color &&,float &&) noexcept(false)"
          with
          [
              _Ty=CShape
          ]
  
  sfml_learn.vcxproj -> C:\Users\PC\source\repos\sfml_learn\x64\Debug\sfml_learn.exe
